Requirement already satisfied: flask in ./venv/lib/python3.14/site-packages (from -r requirements.txt (line 1)) (3.1.3)
Requirement already satisfied: flask-cors in ./venv/lib/python3.14/site-packages (from -r requirements.txt (line 2)) (6.0.2)
Requirement already satisfied: google-genai in ./venv/lib/python3.14/site-packages (from -r requirements.txt (line 3)) (1.70.0)
Requirement already satisfied: python-dotenv in ./venv/lib/python3.14/site-packages (from -r requirements.txt (line 4)) (1.2.2)
Requirement already satisfied: gunicorn in ./venv/lib/python3.14/site-packages (from -r requirements.txt (line 5)) (25.3.0)
Requirement already satisfied: blinker>=1.9.0 in ./venv/lib/python3.14/site-packages (from flask->-r requirements.txt (line 1)) (1.9.0)
Requirement already satisfied: click>=8.1.3 in ./venv/lib/python3.14/site-packages (from flask->-r requirements.txt (line 1)) (8.3.2)
Requirement already satisfied: itsdangerous>=2.2.0 in ./venv/lib/python3.14/site-packages (from flask->-r requirements.txt (line 1)) (2.2.0)
Requirement already satisfied: jinja2>=3.1.2 in ./venv/lib/python3.14/site-packages (from flask->-r requirements.txt (line 1)) (3.1.6)
Requirement already satisfied: markupsafe>=2.1.1 in ./venv/lib/python3.14/site-packages (from flask->-r requirements.txt (line 1)) (3.0.3)
Requirement already satisfied: werkzeug>=3.1.0 in ./venv/lib/python3.14/site-packages (from flask->-r requirements.txt (line 1)) (3.1.8)
Requirement already satisfied: anyio<5.0.0,>=4.8.0 in ./venv/lib/python3.14/site-packages (from google-genai->-r requirements.txt (line 3)) (4.13.0)
Requirement already satisfied: google-auth<3.0.0,>=2.48.1 in ./venv/lib/python3.14/site-packages (from google-auth[requests]<3.0.0,>=2.48.1->google-genai->-r requirements.txt (line 3)) (2.49.1)
Requirement already satisfied: httpx<1.0.0,>=0.28.1 in ./venv/lib/python3.14/site-packages (from google-genai->-r requirements.txt (line 3)) (0.28.1)
Requirement already satisfied: pydantic<3.0.0,>=2.9.0 in ./venv/lib/python3.14/site-packages (from google-genai->-r requirements.txt (line 3)) (2.12.5)
Requirement already satisfied: requests<3.0.0,>=2.28.1 in ./venv/lib/python3.14/site-packages (from google-genai->-r requirements.txt (line 3)) (2.33.1)
Requirement already satisfied: tenacity<9.2.0,>=8.2.3 in ./venv/lib/python3.14/site-packages (from google-genai->-r requirements.txt (line 3)) (9.1.4)
Requirement already satisfied: websockets<17.0,>=13.0.0 in ./venv/lib/python3.14/site-packages (from google-genai->-r requirements.txt (line 3)) (16.0)
Requirement already satisfied: typing-extensions<5.0.0,>=4.14.0 in ./venv/lib/python3.14/site-packages (from google-genai->-r requirements.txt (line 3)) (4.15.0)
Requirement already satisfied: distro<2,>=1.7.0 in ./venv/lib/python3.14/site-packages (from google-genai->-r requirements.txt (line 3)) (1.9.0)
Requirement already satisfied: sniffio in ./venv/lib/python3.14/site-packages (from google-genai->-r requirements.txt (line 3)) (1.3.1)
Requirement already satisfied: idna>=2.8 in ./venv/lib/python3.14/site-packages (from anyio<5.0.0,>=4.8.0->google-genai->-r requirements.txt (line 3)) (3.11)
Requirement already satisfied: pyasn1-modules>=0.2.1 in ./venv/lib/python3.14/site-packages (from google-auth<3.0.0,>=2.48.1->google-auth[requests]<3.0.0,>=2.48.1->google-genai->-r requirements.txt (line 3)) (0.4.2)
Requirement already satisfied: cryptography>=38.0.3 in ./venv/lib/python3.14/site-packages (from google-auth<3.0.0,>=2.48.1->google-auth[requests]<3.0.0,>=2.48.1->google-genai->-r requirements.txt (line 3)) (46.0.6)
Requirement already satisfied: certifi in ./venv/lib/python3.14/site-packages (from httpx<1.0.0,>=0.28.1->google-genai->-r requirements.txt (line 3)) (2026.2.25)
Requirement already satisfied: httpcore==1.* in ./venv/lib/python3.14/site-packages (from httpx<1.0.0,>=0.28.1->google-genai->-r requirements.txt (line 3)) (1.0.9)
Requirement already satisfied: h11>=0.16 in ./venv/lib/python3.14/site-packages (from httpcore==1.*->httpx<1.0.0,>=0.28.1->google-genai->-r requirements.txt (line 3)) (0.16.0)
Requirement already satisfied: annotated-types>=0.6.0 in ./venv/lib/python3.14/site-packages (from pydantic<3.0.0,>=2.9.0->google-genai->-r requirements.txt (line 3)) (0.7.0)
Requirement already satisfied: pydantic-core==2.41.5 in ./venv/lib/python3.14/site-packages (from pydantic<3.0.0,>=2.9.0->google-genai->-r requirements.txt (line 3)) (2.41.5)
Requirement already satisfied: typing-inspection>=0.4.2 in ./venv/lib/python3.14/site-packages (from pydantic<3.0.0,>=2.9.0->google-genai->-r requirements.txt (line 3)) (0.4.2)
Requirement already satisfied: charset_normalizer<4,>=2 in ./venv/lib/python3.14/site-packages (from requests<3.0.0,>=2.28.1->google-genai->-r requirements.txt (line 3)) (3.4.7)
Requirement already satisfied: urllib3<3,>=1.26 in ./venv/lib/python3.14/site-packages (from requests<3.0.0,>=2.28.1->google-genai->-r requirements.txt (line 3)) (2.6.3)
Requirement already satisfied: packaging in ./venv/lib/python3.14/site-packages (from gunicorn->-r requirements.txt (line 5)) (26.0)
Requirement already satisfied: cffi>=2.0.0 in ./venv/lib/python3.14/site-packages (from cryptography>=38.0.3->google-auth<3.0.0,>=2.48.1->google-auth[requests]<3.0.0,>=2.48.1->google-genai->-r requirements.txt (line 3)) (2.0.0)
Requirement already satisfied: pycparser in ./venv/lib/python3.14/site-packages (from cffi>=2.0.0->cryptography>=38.0.3->google-auth<3.0.0,>=2.48.1->google-auth[requests]<3.0.0,>=2.48.1->google-genai->-r requirements.txt (line 3)) (3.0)
Requirement already satisfied: pyasn1<0.7.0,>=0.6.1 in ./venv/lib/python3.14/site-packages (from pyasn1-modules>=0.2.1->google-auth<3.0.0,>=2.48.1->google-auth[requests]<3.0.0,>=2.48.1->google-genai->-r requirements.txt (line 3)) (0.6.3)

[notice] A new release of pip is available: 25.3 -> 26.0.1
[notice] To update, run: pip install --upgrade pip
